<?xml version="1.0" encoding="UTF-8"?>
<!-- Generated by org.testng.reporters.JUnitReportReporter -->
<testsuite hostname="LAPTOP-ARCS2SDB" failures="0" tests="3" name="automationtesting.tests.ErrorValidationsTest" time="40.563" errors="0" timestamp="2024-09-17T11:13:18 GMT-07:00" skipped="0">
  <testcase classname="automationtesting.tests.ErrorValidationsTest" name="productErrorValidation" time="22.856"/>
  <testcase classname="automationtesting.tests.ErrorValidationsTest" name="loginFailErrorValidation" time="7.654"/>
  <testcase classname="automationtesting.tests.ErrorValidationsTest" name="productErrorValidation" time="10.053"/>
</testsuite> <!-- automationtesting.tests.ErrorValidationsTest -->
