<?xml version="1.0" encoding="UTF-8"?>
<!-- Generated by org.testng.reporters.JUnitReportReporter -->
<testsuite hostname="LAPTOP-ARCS2SDB" failures="0" tests="4" name="automationtesting.tests.StandAloneTest" time="71.496" errors="0" timestamp="2024-09-12T10:53:59 GMT-07:00" skipped="0">
  <testcase classname="automationtesting.tests.StandAloneTest" name="standAloneTest" time="22.054"/>
  <testcase classname="automationtesting.tests.StandAloneTest" name="OrderHistoryTest" time="6.879"/>
  <testcase classname="automationtesting.tests.StandAloneTest" name="OrderHistoryTest" time="15.497"/>
  <testcase classname="automationtesting.tests.StandAloneTest" name="standAloneTest" time="27.066"/>
</testsuite> <!-- automationtesting.tests.StandAloneTest -->
