<?xml version="1.0" encoding="UTF-8"?>
<!-- Generated by org.testng.reporters.JUnitReportReporter -->
<testsuite hostname="LAPTOP-ARCS2SDB" failures="0" tests="4" name="automationtesting.tests.SubmitOrderTest" time="62.505" errors="0" timestamp="2024-09-17T11:13:18 GMT-07:00" skipped="0">
  <testcase classname="automationtesting.tests.SubmitOrderTest" name="standAloneTest" time="23.211"/>
  <testcase classname="automationtesting.tests.SubmitOrderTest" name="standAloneTest" time="23.877"/>
  <testcase classname="automationtesting.tests.SubmitOrderTest" name="OrderHistoryTest" time="8.594"/>
  <testcase classname="automationtesting.tests.SubmitOrderTest" name="OrderHistoryTest" time="6.823"/>
</testsuite> <!-- automationtesting.tests.SubmitOrderTest -->
