<?xml version="1.0" encoding="UTF-8"?>
<!-- Generated by org.testng.reporters.JUnitReportReporter -->
<testsuite hostname="LAPTOP-ARCS2SDB" failures="0" tests="4" name="automationtesting.tests.SubmitOrderTest" time="64.321" errors="0" timestamp="2024-09-20T11:10:51 GMT-07:00" skipped="0">
  <testcase classname="automationtesting.tests.SubmitOrderTest" name="standAloneTest" time="33.014"/>
  <testcase classname="automationtesting.tests.SubmitOrderTest" name="OrderHistoryTest" time="9.397"/>
  <testcase classname="automationtesting.tests.SubmitOrderTest" name="standAloneTest" time="13.391"/>
  <testcase classname="automationtesting.tests.SubmitOrderTest" name="OrderHistoryTest" time="8.519"/>
</testsuite> <!-- automationtesting.tests.SubmitOrderTest -->
