<?xml version="1.0" encoding="UTF-8"?>
<!-- Generated by org.testng.reporters.JUnitReportReporter -->
<testsuite hostname="LAPTOP-ARCS2SDB" failures="0" tests="3" name="automationtesting.tests.ErrorValidationsTest" time="55.433" errors="0" timestamp="2024-09-20T11:10:51 GMT-07:00" skipped="0">
  <testcase classname="automationtesting.tests.ErrorValidationsTest" name="productErrorValidation" time="15.576"/>
  <testcase classname="automationtesting.tests.ErrorValidationsTest" name="loginFailErrorValidation" time="10.785"/>
  <testcase classname="automationtesting.tests.ErrorValidationsTest" name="productErrorValidation" time="29.072"/>
</testsuite> <!-- automationtesting.tests.ErrorValidationsTest -->
